<?xml version="1.0" encoding="UTF-8"?>
<!-- Generated by org.testng.reporters.JUnitReportReporter -->
<testsuite skipped="0" hostname="PSNG1120" name="com.iaf.test.Sequencing" tests="2" failures="0" timestamp="01 Feb 2018 06:59:31 GMT" time="0.009" errors="0">
  <testcase name="testCase2" time="0.002" classname="com.iaf.test.Sequencing"/>
  <testcase name="testCase1" time="0.007" classname="com.iaf.test.Sequencing"/>
</testsuite> <!-- com.iaf.test.Sequencing -->
