<?xml version="1.0" encoding="UTF-8"?>
<!-- Generated by org.testng.reporters.JUnitReportReporter -->
<testsuite skipped="0" hostname="user-PC" name="com.iaf.test.TestLogin" tests="1" failures="0" timestamp="19 Nov 2018 04:25:37 GMT" time="34.724" errors="0">
  <testcase name="positiveLoginTest" time="34.724" classname="com.iaf.test.TestLogin"/>
</testsuite> <!-- com.iaf.test.TestLogin -->
